<?xml version="1.0" encoding="UTF-8"?>
<testsuite xmlns:xsi="http://www.w3.org/2001/XMLSchema-instance" xsi:noNamespaceSchemaLocation="https://maven.apache.org/surefire/maven-surefire-plugin/xsd/surefire-test-report-3.0.xsd" version="3.0" name="helloworld.AppTest" time="0.058" tests="1" errors="0" skipped="0" failures="0">
  <properties>
    <property name="java.specification.version" value="17"/>
    <property name="sun.jnu.encoding" value="UTF-8"/>
    <property name="java.class.path" value="/Users/davidyepes/Downloads/sam/pragma-lambda/PragmaLambdasFunctions/target/test-classes:/Users/davidyepes/Downloads/sam/pragma-lambda/PragmaLambdasFunctions/target/classes:/Users/davidyepes/.m2/repository/com/amazonaws/aws-lambda-java-log4j2/1.6.0/aws-lambda-java-log4j2-1.6.0.jar:/Users/davidyepes/.m2/repository/org/apache/logging/log4j/log4j-core/2.17.1/log4j-core-2.17.1.jar:/Users/davidyepes/.m2/repository/org/apache/logging/log4j/log4j-api/2.17.1/log4j-api-2.17.1.jar:/Users/davidyepes/.m2/repository/org/apache/logging/log4j/log4j-layout-template-json/2.17.1/log4j-layout-template-json-2.17.1.jar:/Users/davidyepes/.m2/repository/com/amazonaws/aws-lambda-java-core/1.2.2/aws-lambda-java-core-1.2.2.jar:/Users/davidyepes/.m2/repository/com/amazonaws/aws-lambda-java-events/3.11.0/aws-lambda-java-events-3.11.0.jar:/Users/davidyepes/.m2/repository/joda-time/joda-time/2.6/joda-time-2.6.jar:/Users/davidyepes/.m2/repository/junit/junit/4.13.2/junit-4.13.2.jar:/Users/davidyepes/.m2/repository/org/hamcrest/hamcrest-core/1.3/hamcrest-core-1.3.jar:"/>
    <property name="java.vm.vendor" value="Homebrew"/>
    <property name="sun.arch.data.model" value="64"/>
    <property name="java.vendor.url" value="https://github.com/Homebrew/homebrew-core/issues"/>
    <property name="os.name" value="Mac OS X"/>
    <property name="java.vm.specification.version" value="17"/>
    <property name="sun.java.launcher" value="SUN_STANDARD"/>
    <property name="user.country" value="CO"/>
    <property name="sun.boot.library.path" value="/usr/local/Cellar/openjdk@17/17.0.10/libexec/openjdk.jdk/Contents/Home/lib"/>
    <property name="sun.java.command" value="/Users/davidyepes/Downloads/sam/pragma-lambda/PragmaLambdasFunctions/target/surefire/surefirebooter-20240430130805915_3.jar /Users/davidyepes/Downloads/sam/pragma-lambda/PragmaLambdasFunctions/target/surefire 2024-04-30T13-08-05_830-jvmRun1 surefire-20240430130805915_1tmp surefire_0-20240430130805915_2tmp"/>
    <property name="http.nonProxyHosts" value="local|*.local|169.254/16|*.169.254/16"/>
    <property name="jdk.debug" value="release"/>
    <property name="surefire.test.class.path" value="/Users/davidyepes/Downloads/sam/pragma-lambda/PragmaLambdasFunctions/target/test-classes:/Users/davidyepes/Downloads/sam/pragma-lambda/PragmaLambdasFunctions/target/classes:/Users/davidyepes/.m2/repository/com/amazonaws/aws-lambda-java-log4j2/1.6.0/aws-lambda-java-log4j2-1.6.0.jar:/Users/davidyepes/.m2/repository/org/apache/logging/log4j/log4j-core/2.17.1/log4j-core-2.17.1.jar:/Users/davidyepes/.m2/repository/org/apache/logging/log4j/log4j-api/2.17.1/log4j-api-2.17.1.jar:/Users/davidyepes/.m2/repository/org/apache/logging/log4j/log4j-layout-template-json/2.17.1/log4j-layout-template-json-2.17.1.jar:/Users/davidyepes/.m2/repository/com/amazonaws/aws-lambda-java-core/1.2.2/aws-lambda-java-core-1.2.2.jar:/Users/davidyepes/.m2/repository/com/amazonaws/aws-lambda-java-events/3.11.0/aws-lambda-java-events-3.11.0.jar:/Users/davidyepes/.m2/repository/joda-time/joda-time/2.6/joda-time-2.6.jar:/Users/davidyepes/.m2/repository/junit/junit/4.13.2/junit-4.13.2.jar:/Users/davidyepes/.m2/repository/org/hamcrest/hamcrest-core/1.3/hamcrest-core-1.3.jar:"/>
    <property name="sun.cpu.endian" value="little"/>
    <property name="user.home" value="/Users/davidyepes"/>
    <property name="user.language" value="en"/>
    <property name="java.specification.vendor" value="Oracle Corporation"/>
    <property name="java.version.date" value="2024-01-16"/>
    <property name="java.home" value="/usr/local/Cellar/openjdk@17/17.0.10/libexec/openjdk.jdk/Contents/Home"/>
    <property name="file.separator" value="/"/>
    <property name="basedir" value="/Users/davidyepes/Downloads/sam/pragma-lambda/PragmaLambdasFunctions"/>
    <property name="java.vm.compressedOopsMode" value="Zero based"/>
    <property name="line.separator" value="&#10;"/>
    <property name="java.vm.specification.vendor" value="Oracle Corporation"/>
    <property name="java.specification.name" value="Java Platform API Specification"/>
    <property name="surefire.real.class.path" value="/Users/davidyepes/Downloads/sam/pragma-lambda/PragmaLambdasFunctions/target/surefire/surefirebooter-20240430130805915_3.jar"/>
    <property name="sun.management.compiler" value="HotSpot 64-Bit Tiered Compilers"/>
    <property name="ftp.nonProxyHosts" value="local|*.local|169.254/16|*.169.254/16"/>
    <property name="java.runtime.version" value="17.0.10+0"/>
    <property name="user.name" value="davidyepes"/>
    <property name="path.separator" value=":"/>
    <property name="os.version" value="14.4.1"/>
    <property name="java.runtime.name" value="OpenJDK Runtime Environment"/>
    <property name="file.encoding" value="UTF-8"/>
    <property name="java.vm.name" value="OpenJDK 64-Bit Server VM"/>
    <property name="java.vendor.version" value="Homebrew"/>
    <property name="localRepository" value="/Users/davidyepes/.m2/repository"/>
    <property name="java.vendor.url.bug" value="https://github.com/Homebrew/homebrew-core/issues"/>
    <property name="java.io.tmpdir" value="/var/folders/1v/ptjd772n0slcxrbyzy031nkr0000gn/T/"/>
    <property name="idea.version" value="2023.3.4"/>
    <property name="java.version" value="17.0.10"/>
    <property name="user.dir" value="/Users/davidyepes/Downloads/sam/pragma-lambda/PragmaLambdasFunctions"/>
    <property name="os.arch" value="x86_64"/>
    <property name="java.vm.specification.name" value="Java Virtual Machine Specification"/>
    <property name="native.encoding" value="UTF-8"/>
    <property name="java.library.path" value="/Users/davidyepes/Library/Java/Extensions:/Library/Java/Extensions:/Network/Library/Java/Extensions:/System/Library/Java/Extensions:/usr/lib/java:."/>
    <property name="java.vm.info" value="mixed mode, sharing"/>
    <property name="java.vendor" value="Homebrew"/>
    <property name="java.vm.version" value="17.0.10+0"/>
    <property name="sun.io.unicode.encoding" value="UnicodeBig"/>
    <property name="socksNonProxyHosts" value="local|*.local|169.254/16|*.169.254/16"/>
    <property name="java.class.version" value="61.0"/>
  </properties>
  <testcase name="successfulResponse" classname="helloworld.AppTest" time="0.003"/>
</testsuite>